{"D:\\HOGENT\\Deel6\\Webservices\\webservices_Wim_Dhaenens3\\config\\custom-environment-variables.js": {"path":"D:\\HOGENT\\Deel6\\Webservices\\webservices_Wim_Dhaenens3\\config\\custom-environment-variables.js","statementMap":{"0":{"start":{"line":1,"column":0},"end":{"line":7,"column":1}}},"fnMap":{},"branchMap":{},"s":{"0":1},"f":{},"b":{},"_coverageSchema":"1a1c01bbd47fc00a2c39e90264f33305004495a9","hash":"e8744f4d5a167570a0efc2e71e6c149a8e21ccf7"}
,"D:\\HOGENT\\Deel6\\Webservices\\webservices_Wim_Dhaenens3\\config\\development.js": {"path":"D:\\HOGENT\\Deel6\\Webservices\\webservices_Wim_Dhaenens3\\config\\development.js","statementMap":{"0":{"start":{"line":1,"column":0},"end":{"line":19,"column":2}}},"fnMap":{},"branchMap":{},"s":{"0":1},"f":{},"b":{},"_coverageSchema":"1a1c01bbd47fc00a2c39e90264f33305004495a9","hash":"a60001e7bd230ded4f3087fa1f3b34ac6271e0bd"}
,"D:\\HOGENT\\Deel6\\Webservices\\webservices_Wim_Dhaenens3\\src\\createServer.js": {"path":"D:\\HOGENT\\Deel6\\Webservices\\webservices_Wim_Dhaenens3\\src\\createServer.js","statementMap":{"0":{"start":{"line":1,"column":12},"end":{"line":1,"column":26}},"1":{"start":{"line":2,"column":15},"end":{"line":2,"column":32}},"2":{"start":{"line":3,"column":19},"end":{"line":3,"column":44}},"3":{"start":{"line":4,"column":16},"end":{"line":4,"column":36}},"4":{"start":{"line":8,"column":4},"end":{"line":8,"column":29}},"5":{"start":{"line":9,"column":20},"end":{"line":9,"column":43}},"6":{"start":{"line":12,"column":4},"end":{"line":12,"column":27}},"7":{"start":{"line":14,"column":17},"end":{"line":14,"column":34}},"8":{"start":{"line":15,"column":18},"end":{"line":15,"column":41}},"9":{"start":{"line":16,"column":21},"end":{"line":16,"column":47}},"10":{"start":{"line":17,"column":22},"end":{"line":17,"column":48}},"11":{"start":{"line":18,"column":21},"end":{"line":18,"column":46}},"12":{"start":{"line":20,"column":0},"end":{"line":70,"column":1}},"13":{"start":{"line":21,"column":2},"end":{"line":27,"column":5}},"14":{"start":{"line":30,"column":2},"end":{"line":30,"column":29}},"15":{"start":{"line":31,"column":14},"end":{"line":31,"column":23}},"16":{"start":{"line":33,"column":17},"end":{"line":33,"column":35}},"17":{"start":{"line":34,"column":2},"end":{"line":43,"column":6}},"18":{"start":{"line":36,"column":6},"end":{"line":38,"column":7}},"19":{"start":{"line":37,"column":8},"end":{"line":37,"column":41}},"20":{"start":{"line":39,"column":6},"end":{"line":39,"column":30}},"21":{"start":{"line":47,"column":2},"end":{"line":47,"column":24}},"22":{"start":{"line":48,"column":2},"end":{"line":48,"column":19}},"23":{"start":{"line":50,"column":2},"end":{"line":69,"column":3}},"24":{"start":{"line":52,"column":6},"end":{"line":52,"column":17}},"25":{"start":{"line":55,"column":6},"end":{"line":59,"column":9}},"26":{"start":{"line":56,"column":8},"end":{"line":56,"column":25}},"27":{"start":{"line":57,"column":8},"end":{"line":57,"column":66}},"28":{"start":{"line":58,"column":8},"end":{"line":58,"column":18}},"29":{"start":{"line":62,"column":6},"end":{"line":67,"column":9}},"30":{"start":{"line":63,"column":8},"end":{"line":63,"column":33}},"31":{"start":{"line":64,"column":8},"end":{"line":64,"column":19}},"32":{"start":{"line":65,"column":8},"end":{"line":65,"column":57}},"33":{"start":{"line":66,"column":8},"end":{"line":66,"column":18}}},"fnMap":{"0":{"name":"createServer","decl":{"start":{"line":20,"column":32},"end":{"line":20,"column":44}},"loc":{"start":{"line":20,"column":47},"end":{"line":70,"column":1}},"line":20},"1":{"name":"(anonymous_1)","decl":{"start":{"line":35,"column":12},"end":{"line":35,"column":13}},"loc":{"start":{"line":35,"column":21},"end":{"line":40,"column":5}},"line":35},"2":{"name":"(anonymous_2)","decl":{"start":{"line":51,"column":4},"end":{"line":51,"column":5}},"loc":{"start":{"line":51,"column":13},"end":{"line":53,"column":5}},"line":51},"3":{"name":"(anonymous_3)","decl":{"start":{"line":54,"column":4},"end":{"line":54,"column":5}},"loc":{"start":{"line":54,"column":12},"end":{"line":60,"column":5}},"line":54},"4":{"name":"(anonymous_4)","decl":{"start":{"line":55,"column":25},"end":{"line":55,"column":26}},"loc":{"start":{"line":55,"column":38},"end":{"line":59,"column":7}},"line":55},"5":{"name":"(anonymous_5)","decl":{"start":{"line":61,"column":4},"end":{"line":61,"column":5}},"loc":{"start":{"line":61,"column":11},"end":{"line":68,"column":5}},"line":61},"6":{"name":"(anonymous_6)","decl":{"start":{"line":62,"column":25},"end":{"line":62,"column":26}},"loc":{"start":{"line":62,"column":38},"end":{"line":67,"column":7}},"line":62}},"branchMap":{"0":{"loc":{"start":{"line":36,"column":6},"end":{"line":38,"column":7}},"type":"if","locations":[{"start":{"line":36,"column":6},"end":{"line":38,"column":7}},{"start":{},"end":{}}],"line":36}},"s":{"0":1,"1":1,"2":1,"3":1,"4":1,"5":1,"6":1,"7":1,"8":1,"9":1,"10":1,"11":1,"12":1,"13":1,"14":1,"15":1,"16":1,"17":1,"18":1,"19":0,"20":1,"21":1,"22":1,"23":1,"24":1,"25":0,"26":0,"27":0,"28":0,"29":1,"30":1,"31":1,"32":0,"33":0},"f":{"0":1,"1":1,"2":1,"3":0,"4":0,"5":1,"6":1},"b":{"0":[0,1]},"_coverageSchema":"1a1c01bbd47fc00a2c39e90264f33305004495a9","hash":"60051a5b41c6aecfc71d3d521cc087234f4aa16b"}
,"D:\\HOGENT\\Deel6\\Webservices\\webservices_Wim_Dhaenens3\\src\\core\\logging.js": {"path":"D:\\HOGENT\\Deel6\\Webservices\\webservices_Wim_Dhaenens3\\src\\core\\logging.js","statementMap":{"0":{"start":{"line":1,"column":16},"end":{"line":1,"column":34}},"1":{"start":{"line":7,"column":4},"end":{"line":7,"column":18}},"2":{"start":{"line":11,"column":21},"end":{"line":30,"column":1}},"3":{"start":{"line":12,"column":24},"end":{"line":17,"column":72}},"4":{"start":{"line":17,"column":8},"end":{"line":17,"column":72}},"5":{"start":{"line":20,"column":22},"end":{"line":25,"column":46}},"6":{"start":{"line":25,"column":8},"end":{"line":25,"column":46}},"7":{"start":{"line":26,"column":17},"end":{"line":26,"column":96}},"8":{"start":{"line":26,"column":27},"end":{"line":26,"column":96}},"9":{"start":{"line":27,"column":2},"end":{"line":29,"column":4}},"10":{"start":{"line":35,"column":0},"end":{"line":38,"column":2}},"11":{"start":{"line":36,"column":2},"end":{"line":36,"column":71}},"12":{"start":{"line":36,"column":15},"end":{"line":36,"column":71}},"13":{"start":{"line":37,"column":2},"end":{"line":37,"column":16}},"14":{"start":{"line":49,"column":0},"end":{"line":68,"column":2}},"15":{"start":{"line":55,"column":2},"end":{"line":65,"column":5}},"16":{"start":{"line":67,"column":2},"end":{"line":67,"column":69}}},"fnMap":{"0":{"name":"(anonymous_0)","decl":{"start":{"line":11,"column":21},"end":{"line":11,"column":22}},"loc":{"start":{"line":11,"column":27},"end":{"line":30,"column":1}},"line":11},"1":{"name":"(anonymous_1)","decl":{"start":{"line":12,"column":24},"end":{"line":12,"column":25}},"loc":{"start":{"line":17,"column":8},"end":{"line":17,"column":72}},"line":17},"2":{"name":"(anonymous_2)","decl":{"start":{"line":20,"column":22},"end":{"line":20,"column":23}},"loc":{"start":{"line":25,"column":8},"end":{"line":25,"column":46}},"line":25},"3":{"name":"(anonymous_3)","decl":{"start":{"line":26,"column":17},"end":{"line":26,"column":18}},"loc":{"start":{"line":26,"column":27},"end":{"line":26,"column":96}},"line":26},"4":{"name":"(anonymous_4)","decl":{"start":{"line":35,"column":27},"end":{"line":35,"column":28}},"loc":{"start":{"line":35,"column":33},"end":{"line":38,"column":1}},"line":35},"5":{"name":"(anonymous_5)","decl":{"start":{"line":49,"column":34},"end":{"line":49,"column":35}},"loc":{"start":{"line":54,"column":6},"end":{"line":68,"column":1}},"line":54}},"branchMap":{"0":{"loc":{"start":{"line":26,"column":27},"end":{"line":26,"column":96}},"type":"cond-expr","locations":[{"start":{"line":26,"column":57},"end":{"line":26,"column":74}},{"start":{"line":26,"column":77},"end":{"line":26,"column":96}}],"line":26},"1":{"loc":{"start":{"line":36,"column":2},"end":{"line":36,"column":71}},"type":"if","locations":[{"start":{"line":36,"column":2},"end":{"line":36,"column":71}},{"start":{},"end":{}}],"line":36},"2":{"loc":{"start":{"line":52,"column":2},"end":{"line":52,"column":18}},"type":"default-arg","locations":[{"start":{"line":52,"column":16},"end":{"line":52,"column":18}}],"line":52},"3":{"loc":{"start":{"line":53,"column":2},"end":{"line":53,"column":22}},"type":"default-arg","locations":[{"start":{"line":53,"column":20},"end":{"line":53,"column":22}}],"line":53}},"s":{"0":1,"1":1,"2":1,"3":1,"4":2,"5":1,"6":0,"7":1,"8":2,"9":1,"10":1,"11":2,"12":0,"13":2,"14":1,"15":1,"16":1},"f":{"0":1,"1":2,"2":0,"3":2,"4":2,"5":1},"b":{"0":[0,2],"1":[0,2],"2":[0],"3":[1]},"_coverageSchema":"1a1c01bbd47fc00a2c39e90264f33305004495a9","hash":"1714ee4fa5db3e0b9539373739fe65b0c85abce3"}
,"D:\\HOGENT\\Deel6\\Webservices\\webservices_Wim_Dhaenens3\\src\\data\\index.js": {"path":"D:\\HOGENT\\Deel6\\Webservices\\webservices_Wim_Dhaenens3\\src\\data\\index.js","statementMap":{"0":{"start":{"line":1,"column":13},"end":{"line":1,"column":28}},"1":{"start":{"line":2,"column":15},"end":{"line":2,"column":32}},"2":{"start":{"line":3,"column":22},"end":{"line":3,"column":48}},"3":{"start":{"line":5,"column":24},"end":{"line":5,"column":53}},"4":{"start":{"line":6,"column":22},"end":{"line":6,"column":49}},"5":{"start":{"line":7,"column":22},"end":{"line":7,"column":49}},"6":{"start":{"line":8,"column":26},"end":{"line":8,"column":57}},"7":{"start":{"line":9,"column":26},"end":{"line":9,"column":57}},"8":{"start":{"line":10,"column":26},"end":{"line":10,"column":57}},"9":{"start":{"line":11,"column":17},"end":{"line":11,"column":34}},"10":{"start":{"line":12,"column":22},"end":{"line":12,"column":48}},"11":{"start":{"line":16,"column":27},"end":{"line":39,"column":1}},"12":{"start":{"line":18,"column":22},"end":{"line":28,"column":3}},"13":{"start":{"line":29,"column":3},"end":{"line":29,"column":36}},"14":{"start":{"line":32,"column":1},"end":{"line":38,"column":3}},"15":{"start":{"line":33,"column":2},"end":{"line":33,"column":49}},"16":{"start":{"line":34,"column":2},"end":{"line":34,"column":49}},"17":{"start":{"line":36,"column":3},"end":{"line":36,"column":65}},"18":{"start":{"line":37,"column":3},"end":{"line":37,"column":53}},"19":{"start":{"line":40,"column":18},"end":{"line":45,"column":3}},"20":{"start":{"line":41,"column":4},"end":{"line":43,"column":5}},"21":{"start":{"line":42,"column":6},"end":{"line":42,"column":59}},"22":{"start":{"line":44,"column":4},"end":{"line":44,"column":24}},"23":{"start":{"line":48,"column":2},"end":{"line":48,"column":56}},"24":{"start":{"line":49,"column":2},"end":{"line":49,"column":31}},"25":{"start":{"line":50,"column":2},"end":{"line":50,"column":55}},"26":{"start":{"line":51,"column":2},"end":{"line":51,"column":22}},"27":{"start":{"line":54,"column":17},"end":{"line":58,"column":4}},"28":{"start":{"line":60,"column":2},"end":{"line":65,"column":4}}},"fnMap":{"0":{"name":"(anonymous_0)","decl":{"start":{"line":16,"column":27},"end":{"line":16,"column":28}},"loc":{"start":{"line":16,"column":38},"end":{"line":39,"column":1}},"line":16},"1":{"name":"(anonymous_1)","decl":{"start":{"line":40,"column":18},"end":{"line":40,"column":19}},"loc":{"start":{"line":40,"column":24},"end":{"line":45,"column":3}},"line":40},"2":{"name":"shutdownData","decl":{"start":{"line":47,"column":15},"end":{"line":47,"column":27}},"loc":{"start":{"line":47,"column":30},"end":{"line":52,"column":1}},"line":47}},"branchMap":{"0":{"loc":{"start":{"line":41,"column":4},"end":{"line":43,"column":5}},"type":"if","locations":[{"start":{"line":41,"column":4},"end":{"line":43,"column":5}},{"start":{},"end":{}}],"line":41}},"s":{"0":1,"1":1,"2":1,"3":1,"4":1,"5":1,"6":1,"7":1,"8":1,"9":1,"10":1,"11":1,"12":1,"13":1,"14":1,"15":1,"16":1,"17":0,"18":0,"19":1,"20":3,"21":0,"22":3,"23":0,"24":0,"25":0,"26":0,"27":1,"28":1},"f":{"0":1,"1":3,"2":0},"b":{"0":[0,3]},"_coverageSchema":"1a1c01bbd47fc00a2c39e90264f33305004495a9","hash":"3a189d95d8b2092474222508e94739d7abda1ffa"}
,"D:\\HOGENT\\Deel6\\Webservices\\webservices_Wim_Dhaenens3\\src\\data\\mock_data_treinen.js": {"path":"D:\\HOGENT\\Deel6\\Webservices\\webservices_Wim_Dhaenens3\\src\\data\\mock_data_treinen.js","statementMap":{"0":{"start":{"line":1,"column":14},"end":{"line":81,"column":1}},"1":{"start":{"line":83,"column":13},"end":{"line":124,"column":1}},"2":{"start":{"line":126,"column":0},"end":{"line":129,"column":2}}},"fnMap":{},"branchMap":{},"s":{"0":1,"1":1,"2":1},"f":{},"b":{},"_coverageSchema":"1a1c01bbd47fc00a2c39e90264f33305004495a9","hash":"8ae5b63fa706a2b3d4c14b9adb7da59d90278356"}
,"D:\\HOGENT\\Deel6\\Webservices\\webservices_Wim_Dhaenens3\\src\\repository\\overzicht.js": {"path":"D:\\HOGENT\\Deel6\\Webservices\\webservices_Wim_Dhaenens3\\src\\repository\\overzicht.js","statementMap":{"0":{"start":{"line":1,"column":26},"end":{"line":1,"column":50}},"1":{"start":{"line":2,"column":20},"end":{"line":2,"column":46}},"2":{"start":{"line":4,"column":15},"end":{"line":32,"column":1}},"3":{"start":{"line":5,"column":2},"end":{"line":5,"column":49}},"4":{"start":{"line":24,"column":22},"end":{"line":25,"column":251}},"5":{"start":{"line":28,"column":2},"end":{"line":30,"column":33}},"6":{"start":{"line":29,"column":45},"end":{"line":29,"column":64}},"7":{"start":{"line":35,"column":25},"end":{"line":62,"column":3}},"8":{"start":{"line":37,"column":7},"end":{"line":59,"column":8}},"9":{"start":{"line":65,"column":16},"end":{"line":68,"column":1}},"10":{"start":{"line":66,"column":20},"end":{"line":66,"column":300}},"11":{"start":{"line":67,"column":2},"end":{"line":67,"column":56}},"12":{"start":{"line":71,"column":0},"end":{"line":75,"column":1}}},"fnMap":{"0":{"name":"(anonymous_0)","decl":{"start":{"line":4,"column":15},"end":{"line":4,"column":16}},"loc":{"start":{"line":4,"column":27},"end":{"line":32,"column":1}},"line":4},"1":{"name":"(anonymous_1)","decl":{"start":{"line":29,"column":35},"end":{"line":29,"column":36}},"loc":{"start":{"line":29,"column":45},"end":{"line":29,"column":64}},"line":29},"2":{"name":"(anonymous_2)","decl":{"start":{"line":35,"column":25},"end":{"line":35,"column":26}},"loc":{"start":{"line":35,"column":46},"end":{"line":62,"column":3}},"line":35},"3":{"name":"(anonymous_3)","decl":{"start":{"line":65,"column":16},"end":{"line":65,"column":17}},"loc":{"start":{"line":65,"column":30},"end":{"line":68,"column":1}},"line":65}},"branchMap":{"0":{"loc":{"start":{"line":67,"column":9},"end":{"line":67,"column":55}},"type":"binary-expr","locations":[{"start":{"line":67,"column":9},"end":{"line":67,"column":21}},{"start":{"line":67,"column":24},"end":{"line":67,"column":55}}],"line":67}},"s":{"0":1,"1":1,"2":1,"3":0,"4":0,"5":0,"6":0,"7":1,"8":0,"9":1,"10":0,"11":0,"12":1},"f":{"0":0,"1":0,"2":0,"3":0},"b":{"0":[0,0]},"_coverageSchema":"1a1c01bbd47fc00a2c39e90264f33305004495a9","hash":"76f678608cc7ec0181f4a94fde3516e242a45909"}
,"D:\\HOGENT\\Deel6\\Webservices\\webservices_Wim_Dhaenens3\\src\\repository\\place.js": {"path":"D:\\HOGENT\\Deel6\\Webservices\\webservices_Wim_Dhaenens3\\src\\repository\\place.js","statementMap":{"0":{"start":{"line":1,"column":26},"end":{"line":1,"column":50}},"1":{"start":{"line":2,"column":20},"end":{"line":2,"column":46}},"2":{"start":{"line":4,"column":15},"end":{"line":8,"column":1}},"3":{"start":{"line":5,"column":2},"end":{"line":5,"column":53}},"4":{"start":{"line":6,"column":19},"end":{"line":6,"column":88}},"5":{"start":{"line":7,"column":3},"end":{"line":7,"column":54}},"6":{"start":{"line":10,"column":21},"end":{"line":13,"column":3}},"7":{"start":{"line":11,"column":4},"end":{"line":11,"column":76}},"8":{"start":{"line":15,"column":20},"end":{"line":21,"column":1}},"9":{"start":{"line":16,"column":23},"end":{"line":16,"column":73}},"10":{"start":{"line":17,"column":2},"end":{"line":19,"column":3}},"11":{"start":{"line":18,"column":4},"end":{"line":18,"column":37}},"12":{"start":{"line":20,"column":2},"end":{"line":20,"column":47}},"13":{"start":{"line":23,"column":20},"end":{"line":28,"column":1}},"14":{"start":{"line":24,"column":2},"end":{"line":26,"column":32}},"15":{"start":{"line":25,"column":4},"end":{"line":25,"column":72}},"16":{"start":{"line":26,"column":19},"end":{"line":26,"column":31}},"17":{"start":{"line":27,"column":2},"end":{"line":27,"column":34}},"18":{"start":{"line":30,"column":20},"end":{"line":32,"column":1}},"19":{"start":{"line":31,"column":2},"end":{"line":31,"column":64}},"20":{"start":{"line":34,"column":0},"end":{"line":40,"column":1}}},"fnMap":{"0":{"name":"(anonymous_0)","decl":{"start":{"line":4,"column":15},"end":{"line":4,"column":16}},"loc":{"start":{"line":4,"column":27},"end":{"line":8,"column":1}},"line":4},"1":{"name":"(anonymous_1)","decl":{"start":{"line":10,"column":21},"end":{"line":10,"column":22}},"loc":{"start":{"line":10,"column":35},"end":{"line":13,"column":3}},"line":10},"2":{"name":"(anonymous_2)","decl":{"start":{"line":15,"column":20},"end":{"line":15,"column":21}},"loc":{"start":{"line":15,"column":37},"end":{"line":21,"column":1}},"line":15},"3":{"name":"(anonymous_3)","decl":{"start":{"line":23,"column":20},"end":{"line":23,"column":21}},"loc":{"start":{"line":23,"column":42},"end":{"line":28,"column":1}},"line":23},"4":{"name":"(anonymous_4)","decl":{"start":{"line":30,"column":20},"end":{"line":30,"column":21}},"loc":{"start":{"line":30,"column":34},"end":{"line":32,"column":1}},"line":30}},"branchMap":{"0":{"loc":{"start":{"line":17,"column":2},"end":{"line":19,"column":3}},"type":"if","locations":[{"start":{"line":17,"column":2},"end":{"line":19,"column":3}},{"start":{},"end":{}}],"line":17}},"s":{"0":1,"1":1,"2":1,"3":0,"4":0,"5":0,"6":1,"7":0,"8":1,"9":0,"10":0,"11":0,"12":0,"13":1,"14":0,"15":0,"16":0,"17":0,"18":1,"19":0,"20":1},"f":{"0":0,"1":0,"2":0,"3":0,"4":0},"b":{"0":[0,0]},"_coverageSchema":"1a1c01bbd47fc00a2c39e90264f33305004495a9","hash":"6a9627c9cae7e153a50d9c2de78a9ec8112f576b"}
,"D:\\HOGENT\\Deel6\\Webservices\\webservices_Wim_Dhaenens3\\src\\repository\\rit.js": {"path":"D:\\HOGENT\\Deel6\\Webservices\\webservices_Wim_Dhaenens3\\src\\repository\\rit.js","statementMap":{"0":{"start":{"line":1,"column":26},"end":{"line":1,"column":50}},"1":{"start":{"line":2,"column":20},"end":{"line":2,"column":46}},"2":{"start":{"line":4,"column":15},"end":{"line":8,"column":1}},"3":{"start":{"line":5,"column":2},"end":{"line":5,"column":49}},"4":{"start":{"line":6,"column":17},"end":{"line":6,"column":82}},"5":{"start":{"line":7,"column":3},"end":{"line":7,"column":17}},"6":{"start":{"line":10,"column":19},"end":{"line":13,"column":2}},"7":{"start":{"line":11,"column":15},"end":{"line":11,"column":75}},"8":{"start":{"line":12,"column":2},"end":{"line":12,"column":13}},"9":{"start":{"line":15,"column":18},"end":{"line":21,"column":1}},"10":{"start":{"line":16,"column":21},"end":{"line":16,"column":65}},"11":{"start":{"line":17,"column":2},"end":{"line":19,"column":3}},"12":{"start":{"line":18,"column":4},"end":{"line":18,"column":35}},"13":{"start":{"line":20,"column":2},"end":{"line":20,"column":43}},"14":{"start":{"line":23,"column":18},"end":{"line":28,"column":1}},"15":{"start":{"line":24,"column":2},"end":{"line":26,"column":32}},"16":{"start":{"line":25,"column":4},"end":{"line":25,"column":67}},"17":{"start":{"line":26,"column":19},"end":{"line":26,"column":31}},"18":{"start":{"line":27,"column":2},"end":{"line":27,"column":32}},"19":{"start":{"line":30,"column":18},"end":{"line":33,"column":1}},"20":{"start":{"line":31,"column":1},"end":{"line":31,"column":50}},"21":{"start":{"line":32,"column":2},"end":{"line":32,"column":60}},"22":{"start":{"line":36,"column":0},"end":{"line":42,"column":1}}},"fnMap":{"0":{"name":"(anonymous_0)","decl":{"start":{"line":4,"column":15},"end":{"line":4,"column":16}},"loc":{"start":{"line":4,"column":27},"end":{"line":8,"column":1}},"line":4},"1":{"name":"(anonymous_1)","decl":{"start":{"line":10,"column":19},"end":{"line":10,"column":20}},"loc":{"start":{"line":10,"column":33},"end":{"line":13,"column":2}},"line":10},"2":{"name":"(anonymous_2)","decl":{"start":{"line":15,"column":18},"end":{"line":15,"column":19}},"loc":{"start":{"line":15,"column":33},"end":{"line":21,"column":1}},"line":15},"3":{"name":"(anonymous_3)","decl":{"start":{"line":23,"column":18},"end":{"line":23,"column":19}},"loc":{"start":{"line":23,"column":39},"end":{"line":28,"column":1}},"line":23},"4":{"name":"(anonymous_4)","decl":{"start":{"line":30,"column":18},"end":{"line":30,"column":19}},"loc":{"start":{"line":30,"column":32},"end":{"line":33,"column":1}},"line":30}},"branchMap":{"0":{"loc":{"start":{"line":17,"column":2},"end":{"line":19,"column":3}},"type":"if","locations":[{"start":{"line":17,"column":2},"end":{"line":19,"column":3}},{"start":{},"end":{}}],"line":17}},"s":{"0":1,"1":1,"2":1,"3":0,"4":0,"5":0,"6":1,"7":1,"8":1,"9":1,"10":1,"11":1,"12":0,"13":1,"14":1,"15":0,"16":0,"17":0,"18":0,"19":1,"20":0,"21":0,"22":1},"f":{"0":0,"1":1,"2":1,"3":0,"4":0},"b":{"0":[0,1]},"_coverageSchema":"1a1c01bbd47fc00a2c39e90264f33305004495a9","hash":"e740a34ed89742eaa9ff0c97e1bd2af5fc2dbeb1"}
,"D:\\HOGENT\\Deel6\\Webservices\\webservices_Wim_Dhaenens3\\src\\repository\\trein.js": {"path":"D:\\HOGENT\\Deel6\\Webservices\\webservices_Wim_Dhaenens3\\src\\repository\\trein.js","statementMap":{"0":{"start":{"line":1,"column":26},"end":{"line":1,"column":50}},"1":{"start":{"line":2,"column":20},"end":{"line":2,"column":46}},"2":{"start":{"line":4,"column":15},"end":{"line":12,"column":1}},"3":{"start":{"line":5,"column":2},"end":{"line":5,"column":51}},"4":{"start":{"line":6,"column":18},"end":{"line":6,"column":89}},"5":{"start":{"line":11,"column":2},"end":{"line":11,"column":17}},"6":{"start":{"line":14,"column":16},"end":{"line":22,"column":1}},"7":{"start":{"line":16,"column":16},"end":{"line":16,"column":86}},"8":{"start":{"line":21,"column":2},"end":{"line":21,"column":15}},"9":{"start":{"line":24,"column":20},"end":{"line":32,"column":1}},"10":{"start":{"line":25,"column":2},"end":{"line":25,"column":54}},"11":{"start":{"line":26,"column":23},"end":{"line":26,"column":71}},"12":{"start":{"line":28,"column":2},"end":{"line":30,"column":3}},"13":{"start":{"line":29,"column":4},"end":{"line":29,"column":37}},"14":{"start":{"line":31,"column":2},"end":{"line":31,"column":39}},"15":{"start":{"line":34,"column":22},"end":{"line":39,"column":3}},"16":{"start":{"line":35,"column":3},"end":{"line":37,"column":33}},"17":{"start":{"line":36,"column":4},"end":{"line":36,"column":77}},"18":{"start":{"line":37,"column":20},"end":{"line":37,"column":32}},"19":{"start":{"line":38,"column":4},"end":{"line":38,"column":35}},"20":{"start":{"line":41,"column":21},"end":{"line":43,"column":3}},"21":{"start":{"line":42,"column":4},"end":{"line":42,"column":72}},"22":{"start":{"line":46,"column":0},"end":{"line":52,"column":1}}},"fnMap":{"0":{"name":"(anonymous_0)","decl":{"start":{"line":4,"column":15},"end":{"line":4,"column":16}},"loc":{"start":{"line":4,"column":27},"end":{"line":12,"column":1}},"line":4},"1":{"name":"(anonymous_1)","decl":{"start":{"line":14,"column":16},"end":{"line":14,"column":17}},"loc":{"start":{"line":14,"column":34},"end":{"line":22,"column":1}},"line":14},"2":{"name":"(anonymous_2)","decl":{"start":{"line":24,"column":20},"end":{"line":24,"column":21}},"loc":{"start":{"line":24,"column":37},"end":{"line":32,"column":1}},"line":24},"3":{"name":"(anonymous_3)","decl":{"start":{"line":34,"column":22},"end":{"line":34,"column":23}},"loc":{"start":{"line":34,"column":47},"end":{"line":39,"column":3}},"line":34},"4":{"name":"(anonymous_4)","decl":{"start":{"line":41,"column":21},"end":{"line":41,"column":22}},"loc":{"start":{"line":41,"column":39},"end":{"line":43,"column":3}},"line":41}},"branchMap":{"0":{"loc":{"start":{"line":28,"column":2},"end":{"line":30,"column":3}},"type":"if","locations":[{"start":{"line":28,"column":2},"end":{"line":30,"column":3}},{"start":{},"end":{}}],"line":28}},"s":{"0":1,"1":1,"2":1,"3":0,"4":0,"5":0,"6":1,"7":0,"8":0,"9":1,"10":0,"11":0,"12":0,"13":0,"14":0,"15":1,"16":0,"17":0,"18":0,"19":0,"20":1,"21":0,"22":1},"f":{"0":0,"1":0,"2":0,"3":0,"4":0},"b":{"0":[0,0]},"_coverageSchema":"1a1c01bbd47fc00a2c39e90264f33305004495a9","hash":"c6e3f25b4ed3ad9b5ed7916406c56c41f1f3aa44"}
,"D:\\HOGENT\\Deel6\\Webservices\\webservices_Wim_Dhaenens3\\src\\rest\\_health.js": {"path":"D:\\HOGENT\\Deel6\\Webservices\\webservices_Wim_Dhaenens3\\src\\rest\\_health.js","statementMap":{"0":{"start":{"line":1,"column":22},"end":{"line":1,"column":50}},"1":{"start":{"line":3,"column":15},"end":{"line":3,"column":37}},"2":{"start":{"line":5,"column":13},"end":{"line":7,"column":1}},"3":{"start":{"line":6,"column":2},"end":{"line":6,"column":34}},"4":{"start":{"line":9,"column":19},"end":{"line":11,"column":1}},"5":{"start":{"line":10,"column":2},"end":{"line":10,"column":40}},"6":{"start":{"line":13,"column":0},"end":{"line":21,"column":2}},"7":{"start":{"line":14,"column":17},"end":{"line":16,"column":4}},"8":{"start":{"line":17,"column":2},"end":{"line":17,"column":28}},"9":{"start":{"line":18,"column":2},"end":{"line":18,"column":37}},"10":{"start":{"line":19,"column":2},"end":{"line":19,"column":27}},"11":{"start":{"line":20,"column":2},"end":{"line":20,"column":35}}},"fnMap":{"0":{"name":"(anonymous_0)","decl":{"start":{"line":5,"column":13},"end":{"line":5,"column":14}},"loc":{"start":{"line":5,"column":26},"end":{"line":7,"column":1}},"line":5},"1":{"name":"(anonymous_1)","decl":{"start":{"line":9,"column":19},"end":{"line":9,"column":20}},"loc":{"start":{"line":9,"column":32},"end":{"line":11,"column":1}},"line":9},"2":{"name":"(anonymous_2)","decl":{"start":{"line":13,"column":17},"end":{"line":13,"column":18}},"loc":{"start":{"line":13,"column":26},"end":{"line":21,"column":1}},"line":13}},"branchMap":{},"s":{"0":1,"1":1,"2":1,"3":0,"4":1,"5":0,"6":1,"7":1,"8":1,"9":1,"10":1,"11":1},"f":{"0":0,"1":0,"2":1},"b":{},"_coverageSchema":"1a1c01bbd47fc00a2c39e90264f33305004495a9","hash":"6b6f5744fa8ceaf7c9e975478d979c8a11c228ac"}
,"D:\\HOGENT\\Deel6\\Webservices\\webservices_Wim_Dhaenens3\\src\\rest\\_overzichten.js": {"path":"D:\\HOGENT\\Deel6\\Webservices\\webservices_Wim_Dhaenens3\\src\\rest\\_overzichten.js","statementMap":{"0":{"start":{"line":1,"column":15},"end":{"line":1,"column":37}},"1":{"start":{"line":2,"column":27},"end":{"line":2,"column":60}},"2":{"start":{"line":5,"column":4},"end":{"line":5,"column":30}},"3":{"start":{"line":7,"column":17},"end":{"line":10,"column":1}},"4":{"start":{"line":8,"column":2},"end":{"line":8,"column":46}},"5":{"start":{"line":8,"column":20},"end":{"line":8,"column":46}},"6":{"start":{"line":9,"column":2},"end":{"line":9,"column":34}},"7":{"start":{"line":13,"column":23},"end":{"line":18,"column":1}},"8":{"start":{"line":14,"column":2},"end":{"line":14,"column":52}},"9":{"start":{"line":15,"column":2},"end":{"line":15,"column":47}},"10":{"start":{"line":17,"column":2},"end":{"line":17,"column":71}},"11":{"start":{"line":20,"column":21},"end":{"line":24,"column":1}},"12":{"start":{"line":21,"column":13},"end":{"line":21,"column":26}},"13":{"start":{"line":22,"column":2},"end":{"line":22,"column":56}},"14":{"start":{"line":23,"column":2},"end":{"line":23,"column":50}},"15":{"start":{"line":26,"column":0},"end":{"line":38,"column":1}},"16":{"start":{"line":27,"column":17},"end":{"line":29,"column":4}},"17":{"start":{"line":30,"column":2},"end":{"line":30,"column":34}},"18":{"start":{"line":32,"column":3},"end":{"line":32,"column":36}},"19":{"start":{"line":36,"column":2},"end":{"line":36,"column":27}},"20":{"start":{"line":37,"column":2},"end":{"line":37,"column":35}}},"fnMap":{"0":{"name":"(anonymous_0)","decl":{"start":{"line":7,"column":17},"end":{"line":7,"column":18}},"loc":{"start":{"line":7,"column":41},"end":{"line":10,"column":1}},"line":7},"1":{"name":"(anonymous_1)","decl":{"start":{"line":13,"column":23},"end":{"line":13,"column":24}},"loc":{"start":{"line":13,"column":38},"end":{"line":18,"column":1}},"line":13},"2":{"name":"(anonymous_2)","decl":{"start":{"line":20,"column":21},"end":{"line":20,"column":22}},"loc":{"start":{"line":20,"column":36},"end":{"line":24,"column":1}},"line":20},"3":{"name":"(anonymous_3)","decl":{"start":{"line":26,"column":17},"end":{"line":26,"column":18}},"loc":{"start":{"line":26,"column":26},"end":{"line":38,"column":1}},"line":26}},"branchMap":{"0":{"loc":{"start":{"line":7,"column":27},"end":{"line":7,"column":36}},"type":"default-arg","locations":[{"start":{"line":7,"column":34},"end":{"line":7,"column":36}}],"line":7},"1":{"loc":{"start":{"line":8,"column":2},"end":{"line":8,"column":46}},"type":"if","locations":[{"start":{"line":8,"column":2},"end":{"line":8,"column":46}},{"start":{},"end":{}}],"line":8}},"s":{"0":1,"1":1,"2":1,"3":1,"4":0,"5":0,"6":0,"7":1,"8":0,"9":0,"10":0,"11":1,"12":0,"13":0,"14":0,"15":1,"16":1,"17":1,"18":1,"19":1,"20":1},"f":{"0":0,"1":0,"2":0,"3":1},"b":{"0":[0],"1":[0,0]},"_coverageSchema":"1a1c01bbd47fc00a2c39e90264f33305004495a9","hash":"4dafcca3db2d9d47c24a65ea820c1eb75f3887aa"}
,"D:\\HOGENT\\Deel6\\Webservices\\webservices_Wim_Dhaenens3\\src\\rest\\_places.js": {"path":"D:\\HOGENT\\Deel6\\Webservices\\webservices_Wim_Dhaenens3\\src\\rest\\_places.js","statementMap":{"0":{"start":{"line":1,"column":15},"end":{"line":1,"column":37}},"1":{"start":{"line":2,"column":22},"end":{"line":2,"column":50}},"2":{"start":{"line":4,"column":18},"end":{"line":7,"column":1}},"3":{"start":{"line":6,"column":1},"end":{"line":6,"column":41}},"4":{"start":{"line":9,"column":21},"end":{"line":11,"column":3}},"5":{"start":{"line":10,"column":2},"end":{"line":10,"column":55}},"6":{"start":{"line":13,"column":22},"end":{"line":15,"column":1}},"7":{"start":{"line":14,"column":2},"end":{"line":14,"column":63}},"8":{"start":{"line":17,"column":20},"end":{"line":19,"column":1}},"9":{"start":{"line":18,"column":2},"end":{"line":18,"column":72}},"10":{"start":{"line":21,"column":20},"end":{"line":24,"column":1}},"11":{"start":{"line":22,"column":2},"end":{"line":22,"column":42}},"12":{"start":{"line":23,"column":2},"end":{"line":23,"column":28}},"13":{"start":{"line":26,"column":0},"end":{"line":35,"column":1}},"14":{"start":{"line":27,"column":17},"end":{"line":27,"column":48}},"15":{"start":{"line":28,"column":2},"end":{"line":28,"column":29}},"16":{"start":{"line":29,"column":2},"end":{"line":29,"column":35}},"17":{"start":{"line":30,"column":2},"end":{"line":30,"column":32}},"18":{"start":{"line":31,"column":2},"end":{"line":31,"column":34}},"19":{"start":{"line":32,"column":2},"end":{"line":32,"column":37}},"20":{"start":{"line":33,"column":2},"end":{"line":33,"column":27}},"21":{"start":{"line":34,"column":2},"end":{"line":34,"column":35}}},"fnMap":{"0":{"name":"(anonymous_0)","decl":{"start":{"line":4,"column":18},"end":{"line":4,"column":19}},"loc":{"start":{"line":4,"column":33},"end":{"line":7,"column":1}},"line":4},"1":{"name":"(anonymous_1)","decl":{"start":{"line":9,"column":21},"end":{"line":9,"column":22}},"loc":{"start":{"line":9,"column":36},"end":{"line":11,"column":3}},"line":9},"2":{"name":"(anonymous_2)","decl":{"start":{"line":13,"column":22},"end":{"line":13,"column":23}},"loc":{"start":{"line":13,"column":37},"end":{"line":15,"column":1}},"line":13},"3":{"name":"(anonymous_3)","decl":{"start":{"line":17,"column":20},"end":{"line":17,"column":21}},"loc":{"start":{"line":17,"column":35},"end":{"line":19,"column":1}},"line":17},"4":{"name":"(anonymous_4)","decl":{"start":{"line":21,"column":20},"end":{"line":21,"column":21}},"loc":{"start":{"line":21,"column":35},"end":{"line":24,"column":1}},"line":21},"5":{"name":"(anonymous_5)","decl":{"start":{"line":26,"column":17},"end":{"line":26,"column":18}},"loc":{"start":{"line":26,"column":26},"end":{"line":35,"column":1}},"line":26}},"branchMap":{},"s":{"0":1,"1":1,"2":1,"3":0,"4":1,"5":0,"6":1,"7":0,"8":1,"9":0,"10":1,"11":0,"12":0,"13":1,"14":1,"15":1,"16":1,"17":1,"18":1,"19":1,"20":1,"21":1},"f":{"0":0,"1":0,"2":0,"3":0,"4":0,"5":1},"b":{},"_coverageSchema":"1a1c01bbd47fc00a2c39e90264f33305004495a9","hash":"5498f8d4e43b4f2e688ff81b030bd2aed97ef2a4"}
,"D:\\HOGENT\\Deel6\\Webservices\\webservices_Wim_Dhaenens3\\src\\rest\\_ritten.js": {"path":"D:\\HOGENT\\Deel6\\Webservices\\webservices_Wim_Dhaenens3\\src\\rest\\_ritten.js","statementMap":{"0":{"start":{"line":5,"column":15},"end":{"line":5,"column":37}},"1":{"start":{"line":6,"column":22},"end":{"line":6,"column":50}},"2":{"start":{"line":8,"column":18},"end":{"line":10,"column":1}},"3":{"start":{"line":9,"column":2},"end":{"line":9,"column":42}},"4":{"start":{"line":12,"column":19},"end":{"line":14,"column":1}},"5":{"start":{"line":13,"column":2},"end":{"line":13,"column":55}},"6":{"start":{"line":16,"column":18},"end":{"line":19,"column":1}},"7":{"start":{"line":17,"column":2},"end":{"line":17,"column":61}},"8":{"start":{"line":18,"column":2},"end":{"line":18,"column":19}},"9":{"start":{"line":21,"column":18},"end":{"line":23,"column":1}},"10":{"start":{"line":22,"column":2},"end":{"line":22,"column":70}},"11":{"start":{"line":25,"column":18},"end":{"line":28,"column":1}},"12":{"start":{"line":26,"column":2},"end":{"line":26,"column":42}},"13":{"start":{"line":27,"column":2},"end":{"line":27,"column":28}},"14":{"start":{"line":30,"column":0},"end":{"line":41,"column":1}},"15":{"start":{"line":31,"column":17},"end":{"line":33,"column":4}},"16":{"start":{"line":34,"column":2},"end":{"line":34,"column":29}},"17":{"start":{"line":35,"column":2},"end":{"line":35,"column":33}},"18":{"start":{"line":36,"column":2},"end":{"line":36,"column":30}},"19":{"start":{"line":37,"column":2},"end":{"line":37,"column":32}},"20":{"start":{"line":38,"column":2},"end":{"line":38,"column":35}},"21":{"start":{"line":39,"column":2},"end":{"line":39,"column":27}},"22":{"start":{"line":40,"column":2},"end":{"line":40,"column":35}}},"fnMap":{"0":{"name":"(anonymous_0)","decl":{"start":{"line":8,"column":18},"end":{"line":8,"column":19}},"loc":{"start":{"line":8,"column":33},"end":{"line":10,"column":1}},"line":8},"1":{"name":"(anonymous_1)","decl":{"start":{"line":12,"column":19},"end":{"line":12,"column":20}},"loc":{"start":{"line":12,"column":34},"end":{"line":14,"column":1}},"line":12},"2":{"name":"(anonymous_2)","decl":{"start":{"line":16,"column":18},"end":{"line":16,"column":19}},"loc":{"start":{"line":16,"column":33},"end":{"line":19,"column":1}},"line":16},"3":{"name":"(anonymous_3)","decl":{"start":{"line":21,"column":18},"end":{"line":21,"column":19}},"loc":{"start":{"line":21,"column":33},"end":{"line":23,"column":1}},"line":21},"4":{"name":"(anonymous_4)","decl":{"start":{"line":25,"column":18},"end":{"line":25,"column":19}},"loc":{"start":{"line":25,"column":33},"end":{"line":28,"column":1}},"line":25},"5":{"name":"(anonymous_5)","decl":{"start":{"line":30,"column":17},"end":{"line":30,"column":18}},"loc":{"start":{"line":30,"column":26},"end":{"line":41,"column":1}},"line":30}},"branchMap":{},"s":{"0":1,"1":1,"2":1,"3":0,"4":1,"5":0,"6":1,"7":1,"8":1,"9":1,"10":0,"11":1,"12":0,"13":0,"14":1,"15":1,"16":1,"17":1,"18":1,"19":1,"20":1,"21":1,"22":1},"f":{"0":0,"1":0,"2":1,"3":0,"4":0,"5":1},"b":{},"_coverageSchema":"1a1c01bbd47fc00a2c39e90264f33305004495a9","hash":"3f2fcedc24973d4370c9210bacdb9d23272d06fc"}
,"D:\\HOGENT\\Deel6\\Webservices\\webservices_Wim_Dhaenens3\\src\\rest\\_treinen.js": {"path":"D:\\HOGENT\\Deel6\\Webservices\\webservices_Wim_Dhaenens3\\src\\rest\\_treinen.js","statementMap":{"0":{"start":{"line":1,"column":15},"end":{"line":1,"column":37}},"1":{"start":{"line":2,"column":23},"end":{"line":2,"column":57}},"2":{"start":{"line":5,"column":4},"end":{"line":5,"column":30}},"3":{"start":{"line":7,"column":17},"end":{"line":10,"column":1}},"4":{"start":{"line":8,"column":2},"end":{"line":8,"column":46}},"5":{"start":{"line":8,"column":20},"end":{"line":8,"column":46}},"6":{"start":{"line":9,"column":2},"end":{"line":9,"column":34}},"7":{"start":{"line":13,"column":19},"end":{"line":18,"column":1}},"8":{"start":{"line":14,"column":2},"end":{"line":14,"column":48}},"9":{"start":{"line":15,"column":2},"end":{"line":15,"column":43}},"10":{"start":{"line":17,"column":2},"end":{"line":17,"column":67}},"11":{"start":{"line":21,"column":20},"end":{"line":26,"column":1}},"12":{"start":{"line":22,"column":2},"end":{"line":22,"column":65}},"13":{"start":{"line":23,"column":2},"end":{"line":23,"column":64}},"14":{"start":{"line":24,"column":2},"end":{"line":24,"column":19}},"15":{"start":{"line":28,"column":21},"end":{"line":32,"column":1}},"16":{"start":{"line":30,"column":2},"end":{"line":30,"column":56}},"17":{"start":{"line":34,"column":20},"end":{"line":37,"column":1}},"18":{"start":{"line":35,"column":2},"end":{"line":35,"column":49}},"19":{"start":{"line":36,"column":2},"end":{"line":36,"column":19}},"20":{"start":{"line":39,"column":20},"end":{"line":43,"column":1}},"21":{"start":{"line":42,"column":2},"end":{"line":42,"column":72}},"22":{"start":{"line":45,"column":0},"end":{"line":57,"column":1}},"23":{"start":{"line":46,"column":17},"end":{"line":48,"column":4}},"24":{"start":{"line":49,"column":2},"end":{"line":49,"column":30}},"25":{"start":{"line":50,"column":2},"end":{"line":50,"column":32}},"26":{"start":{"line":51,"column":2},"end":{"line":51,"column":35}},"27":{"start":{"line":52,"column":2},"end":{"line":52,"column":37}},"28":{"start":{"line":53,"column":2},"end":{"line":53,"column":34}},"29":{"start":{"line":55,"column":2},"end":{"line":55,"column":27}},"30":{"start":{"line":56,"column":2},"end":{"line":56,"column":35}}},"fnMap":{"0":{"name":"(anonymous_0)","decl":{"start":{"line":7,"column":17},"end":{"line":7,"column":18}},"loc":{"start":{"line":7,"column":41},"end":{"line":10,"column":1}},"line":7},"1":{"name":"(anonymous_1)","decl":{"start":{"line":13,"column":19},"end":{"line":13,"column":20}},"loc":{"start":{"line":13,"column":34},"end":{"line":18,"column":1}},"line":13},"2":{"name":"(anonymous_2)","decl":{"start":{"line":21,"column":20},"end":{"line":21,"column":21}},"loc":{"start":{"line":21,"column":35},"end":{"line":26,"column":1}},"line":21},"3":{"name":"(anonymous_3)","decl":{"start":{"line":28,"column":21},"end":{"line":28,"column":22}},"loc":{"start":{"line":28,"column":36},"end":{"line":32,"column":1}},"line":28},"4":{"name":"(anonymous_4)","decl":{"start":{"line":34,"column":20},"end":{"line":34,"column":21}},"loc":{"start":{"line":34,"column":35},"end":{"line":37,"column":1}},"line":34},"5":{"name":"(anonymous_5)","decl":{"start":{"line":39,"column":20},"end":{"line":39,"column":21}},"loc":{"start":{"line":39,"column":35},"end":{"line":43,"column":1}},"line":39},"6":{"name":"(anonymous_6)","decl":{"start":{"line":45,"column":17},"end":{"line":45,"column":18}},"loc":{"start":{"line":45,"column":26},"end":{"line":57,"column":1}},"line":45}},"branchMap":{"0":{"loc":{"start":{"line":7,"column":27},"end":{"line":7,"column":36}},"type":"default-arg","locations":[{"start":{"line":7,"column":34},"end":{"line":7,"column":36}}],"line":7},"1":{"loc":{"start":{"line":8,"column":2},"end":{"line":8,"column":46}},"type":"if","locations":[{"start":{"line":8,"column":2},"end":{"line":8,"column":46}},{"start":{},"end":{}}],"line":8}},"s":{"0":1,"1":1,"2":1,"3":1,"4":0,"5":0,"6":0,"7":1,"8":0,"9":0,"10":0,"11":1,"12":0,"13":0,"14":0,"15":1,"16":0,"17":1,"18":0,"19":0,"20":1,"21":0,"22":1,"23":1,"24":1,"25":1,"26":1,"27":1,"28":1,"29":1,"30":1},"f":{"0":0,"1":0,"2":0,"3":0,"4":0,"5":0,"6":1},"b":{"0":[0],"1":[0,0]},"_coverageSchema":"1a1c01bbd47fc00a2c39e90264f33305004495a9","hash":"48a57e4a337aa3f725c94fc3511b0b20fea7e381"}
,"D:\\HOGENT\\Deel6\\Webservices\\webservices_Wim_Dhaenens3\\src\\rest\\index.js": {"path":"D:\\HOGENT\\Deel6\\Webservices\\webservices_Wim_Dhaenens3\\src\\rest\\index.js","statementMap":{"0":{"start":{"line":1,"column":29},"end":{"line":1,"column":50}},"1":{"start":{"line":2,"column":28},"end":{"line":2,"column":48}},"2":{"start":{"line":3,"column":28},"end":{"line":3,"column":48}},"3":{"start":{"line":4,"column":33},"end":{"line":4,"column":58}},"4":{"start":{"line":5,"column":28},"end":{"line":5,"column":48}},"5":{"start":{"line":6,"column":15},"end":{"line":6,"column":37}},"6":{"start":{"line":8,"column":0},"end":{"line":19,"column":1}},"7":{"start":{"line":9,"column":17},"end":{"line":11,"column":4}},"8":{"start":{"line":12,"column":2},"end":{"line":12,"column":31}},"9":{"start":{"line":13,"column":2},"end":{"line":13,"column":30}},"10":{"start":{"line":14,"column":2},"end":{"line":14,"column":30}},"11":{"start":{"line":15,"column":2},"end":{"line":15,"column":30}},"12":{"start":{"line":16,"column":2},"end":{"line":16,"column":35}},"13":{"start":{"line":17,"column":2},"end":{"line":17,"column":27}},"14":{"start":{"line":18,"column":2},"end":{"line":18,"column":35}}},"fnMap":{"0":{"name":"(anonymous_0)","decl":{"start":{"line":8,"column":17},"end":{"line":8,"column":18}},"loc":{"start":{"line":8,"column":26},"end":{"line":19,"column":1}},"line":8}},"branchMap":{},"s":{"0":1,"1":1,"2":1,"3":1,"4":1,"5":1,"6":1,"7":1,"8":1,"9":1,"10":1,"11":1,"12":1,"13":1,"14":1},"f":{"0":1},"b":{},"_coverageSchema":"1a1c01bbd47fc00a2c39e90264f33305004495a9","hash":"57c1927ba4462dc7fefde7b14709101e17acdeb2"}
,"D:\\HOGENT\\Deel6\\Webservices\\webservices_Wim_Dhaenens3\\src\\service\\health.js": {"path":"D:\\HOGENT\\Deel6\\Webservices\\webservices_Wim_Dhaenens3\\src\\service\\health.js","statementMap":{"0":{"start":{"line":1,"column":21},"end":{"line":1,"column":50}},"1":{"start":{"line":2,"column":13},"end":{"line":2,"column":32}},"2":{"start":{"line":2,"column":20},"end":{"line":2,"column":31}},"3":{"start":{"line":5,"column":19},"end":{"line":8,"column":30}},"4":{"start":{"line":5,"column":26},"end":{"line":8,"column":29}},"5":{"start":{"line":10,"column":0},"end":{"line":13,"column":2}}},"fnMap":{"0":{"name":"(anonymous_0)","decl":{"start":{"line":2,"column":13},"end":{"line":2,"column":14}},"loc":{"start":{"line":2,"column":20},"end":{"line":2,"column":31}},"line":2},"1":{"name":"(anonymous_1)","decl":{"start":{"line":5,"column":19},"end":{"line":5,"column":20}},"loc":{"start":{"line":5,"column":26},"end":{"line":8,"column":29}},"line":5}},"branchMap":{},"s":{"0":1,"1":1,"2":0,"3":1,"4":0,"5":1},"f":{"0":0,"1":0},"b":{},"_coverageSchema":"1a1c01bbd47fc00a2c39e90264f33305004495a9","hash":"881ee822b67e55e7ed4da377982a3f4efd1f6054"}
,"D:\\HOGENT\\Deel6\\Webservices\\webservices_Wim_Dhaenens3\\src\\service\\overzichten.js": {"path":"D:\\HOGENT\\Deel6\\Webservices\\webservices_Wim_Dhaenens3\\src\\service\\overzichten.js","statementMap":{"0":{"start":{"line":1,"column":22},"end":{"line":1,"column":48}},"1":{"start":{"line":4,"column":28},"end":{"line":4,"column":62}},"2":{"start":{"line":6,"column":15},"end":{"line":10,"column":1}},"3":{"start":{"line":7,"column":21},"end":{"line":7,"column":55}},"4":{"start":{"line":8,"column":2},"end":{"line":8,"column":23}},"5":{"start":{"line":12,"column":16},"end":{"line":15,"column":1}},"6":{"start":{"line":13,"column":20},"end":{"line":13,"column":57}},"7":{"start":{"line":14,"column":2},"end":{"line":14,"column":19}},"8":{"start":{"line":17,"column":0},"end":{"line":20,"column":1}}},"fnMap":{"0":{"name":"(anonymous_0)","decl":{"start":{"line":6,"column":15},"end":{"line":6,"column":16}},"loc":{"start":{"line":6,"column":27},"end":{"line":10,"column":1}},"line":6},"1":{"name":"(anonymous_1)","decl":{"start":{"line":12,"column":16},"end":{"line":12,"column":17}},"loc":{"start":{"line":12,"column":30},"end":{"line":15,"column":1}},"line":12}},"branchMap":{},"s":{"0":1,"1":1,"2":1,"3":0,"4":0,"5":1,"6":0,"7":0,"8":1},"f":{"0":0,"1":0},"b":{},"_coverageSchema":"1a1c01bbd47fc00a2c39e90264f33305004495a9","hash":"9756c2f3f0c01a3825b191b36a726a8d2b9d2b57"}
,"D:\\HOGENT\\Deel6\\Webservices\\webservices_Wim_Dhaenens3\\src\\service\\places.js": {"path":"D:\\HOGENT\\Deel6\\Webservices\\webservices_Wim_Dhaenens3\\src\\service\\places.js","statementMap":{"0":{"start":{"line":1,"column":25},"end":{"line":1,"column":55}},"1":{"start":{"line":3,"column":15},"end":{"line":6,"column":1}},"2":{"start":{"line":4,"column":2},"end":{"line":4,"column":41}},"3":{"start":{"line":8,"column":16},"end":{"line":10,"column":1}},"4":{"start":{"line":9,"column":2},"end":{"line":9,"column":49}},"5":{"start":{"line":12,"column":20},"end":{"line":14,"column":1}},"6":{"start":{"line":13,"column":2},"end":{"line":13,"column":51}},"7":{"start":{"line":16,"column":20},"end":{"line":18,"column":1}},"8":{"start":{"line":17,"column":2},"end":{"line":17,"column":55}},"9":{"start":{"line":20,"column":19},"end":{"line":22,"column":1}},"10":{"start":{"line":21,"column":2},"end":{"line":21,"column":42}},"11":{"start":{"line":24,"column":0},"end":{"line":30,"column":1}}},"fnMap":{"0":{"name":"(anonymous_0)","decl":{"start":{"line":3,"column":15},"end":{"line":3,"column":16}},"loc":{"start":{"line":3,"column":27},"end":{"line":6,"column":1}},"line":3},"1":{"name":"(anonymous_1)","decl":{"start":{"line":8,"column":16},"end":{"line":8,"column":17}},"loc":{"start":{"line":8,"column":29},"end":{"line":10,"column":1}},"line":8},"2":{"name":"(anonymous_2)","decl":{"start":{"line":12,"column":20},"end":{"line":12,"column":21}},"loc":{"start":{"line":12,"column":36},"end":{"line":14,"column":1}},"line":12},"3":{"name":"(anonymous_3)","decl":{"start":{"line":16,"column":20},"end":{"line":16,"column":21}},"loc":{"start":{"line":16,"column":41},"end":{"line":18,"column":1}},"line":16},"4":{"name":"(anonymous_4)","decl":{"start":{"line":20,"column":19},"end":{"line":20,"column":20}},"loc":{"start":{"line":20,"column":27},"end":{"line":22,"column":1}},"line":20}},"branchMap":{},"s":{"0":1,"1":1,"2":0,"3":1,"4":0,"5":1,"6":0,"7":1,"8":0,"9":1,"10":0,"11":1},"f":{"0":0,"1":0,"2":0,"3":0,"4":0},"b":{},"_coverageSchema":"1a1c01bbd47fc00a2c39e90264f33305004495a9","hash":"af0aee35c8ab3b92f96a1b8f7da75db5e7f09272"}
,"D:\\HOGENT\\Deel6\\Webservices\\webservices_Wim_Dhaenens3\\src\\service\\ritten.js": {"path":"D:\\HOGENT\\Deel6\\Webservices\\webservices_Wim_Dhaenens3\\src\\service\\ritten.js","statementMap":{"0":{"start":{"line":3,"column":4},"end":{"line":3,"column":43}},"1":{"start":{"line":5,"column":25},"end":{"line":5,"column":53}},"2":{"start":{"line":7,"column":15},"end":{"line":10,"column":1}},"3":{"start":{"line":8,"column":2},"end":{"line":8,"column":41}},"4":{"start":{"line":12,"column":16},"end":{"line":16,"column":1}},"5":{"start":{"line":13,"column":21},"end":{"line":13,"column":58}},"6":{"start":{"line":14,"column":3},"end":{"line":14,"column":72}},"7":{"start":{"line":14,"column":22},"end":{"line":14,"column":72}},"8":{"start":{"line":15,"column":3},"end":{"line":15,"column":23}},"9":{"start":{"line":18,"column":18},"end":{"line":21,"column":1}},"10":{"start":{"line":19,"column":1},"end":{"line":19,"column":47}},"11":{"start":{"line":23,"column":19},"end":{"line":26,"column":1}},"12":{"start":{"line":24,"column":2},"end":{"line":24,"column":40}},"13":{"start":{"line":28,"column":18},"end":{"line":34,"column":1}},"14":{"start":{"line":29,"column":2},"end":{"line":29,"column":51}},"15":{"start":{"line":36,"column":0},"end":{"line":42,"column":1}}},"fnMap":{"0":{"name":"(anonymous_0)","decl":{"start":{"line":7,"column":15},"end":{"line":7,"column":16}},"loc":{"start":{"line":7,"column":27},"end":{"line":10,"column":1}},"line":7},"1":{"name":"(anonymous_1)","decl":{"start":{"line":12,"column":16},"end":{"line":12,"column":17}},"loc":{"start":{"line":12,"column":29},"end":{"line":16,"column":1}},"line":12},"2":{"name":"(anonymous_2)","decl":{"start":{"line":18,"column":18},"end":{"line":18,"column":19}},"loc":{"start":{"line":18,"column":32},"end":{"line":21,"column":1}},"line":18},"3":{"name":"(anonymous_3)","decl":{"start":{"line":23,"column":19},"end":{"line":23,"column":20}},"loc":{"start":{"line":23,"column":27},"end":{"line":26,"column":1}},"line":23},"4":{"name":"(anonymous_4)","decl":{"start":{"line":28,"column":18},"end":{"line":28,"column":19}},"loc":{"start":{"line":28,"column":37},"end":{"line":34,"column":1}},"line":28}},"branchMap":{"0":{"loc":{"start":{"line":14,"column":3},"end":{"line":14,"column":72}},"type":"if","locations":[{"start":{"line":14,"column":3},"end":{"line":14,"column":72}},{"start":{},"end":{}}],"line":14}},"s":{"0":1,"1":1,"2":1,"3":0,"4":1,"5":0,"6":0,"7":0,"8":0,"9":1,"10":1,"11":1,"12":0,"13":1,"14":0,"15":1},"f":{"0":0,"1":0,"2":1,"3":0,"4":0},"b":{"0":[0,0]},"_coverageSchema":"1a1c01bbd47fc00a2c39e90264f33305004495a9","hash":"bc434e4d4c9588e3bdded52bc453eef72d849a06"}
,"D:\\HOGENT\\Deel6\\Webservices\\webservices_Wim_Dhaenens3\\src\\service\\treinstellen.js": {"path":"D:\\HOGENT\\Deel6\\Webservices\\webservices_Wim_Dhaenens3\\src\\service\\treinstellen.js","statementMap":{"0":{"start":{"line":1,"column":22},"end":{"line":1,"column":48}},"1":{"start":{"line":5,"column":4},"end":{"line":5,"column":40}},"2":{"start":{"line":7,"column":24},"end":{"line":7,"column":54}},"3":{"start":{"line":9,"column":15},"end":{"line":18,"column":1}},"4":{"start":{"line":10,"column":16},"end":{"line":10,"column":46}},"5":{"start":{"line":11,"column":2},"end":{"line":11,"column":53}},"6":{"start":{"line":21,"column":16},"end":{"line":27,"column":1}},"7":{"start":{"line":24,"column":2},"end":{"line":24,"column":48}},"8":{"start":{"line":25,"column":2},"end":{"line":26,"column":60}},"9":{"start":{"line":25,"column":13},"end":{"line":25,"column":26}},"10":{"start":{"line":26,"column":7},"end":{"line":26,"column":60}},"11":{"start":{"line":29,"column":19},"end":{"line":37,"column":1}},"12":{"start":{"line":31,"column":2},"end":{"line":31,"column":65}},"13":{"start":{"line":32,"column":2},"end":{"line":36,"column":1}},"14":{"start":{"line":33,"column":4},"end":{"line":33,"column":52}},"15":{"start":{"line":35,"column":2},"end":{"line":35,"column":22}},"16":{"start":{"line":39,"column":20},"end":{"line":47,"column":1}},"17":{"start":{"line":40,"column":2},"end":{"line":40,"column":54}},"18":{"start":{"line":42,"column":0},"end":{"line":45,"column":30}},"19":{"start":{"line":43,"column":2},"end":{"line":44,"column":4}},"20":{"start":{"line":45,"column":17},"end":{"line":45,"column":29}},"21":{"start":{"line":46,"column":2},"end":{"line":46,"column":25}},"22":{"start":{"line":49,"column":19},"end":{"line":52,"column":1}},"23":{"start":{"line":50,"column":2},"end":{"line":50,"column":43}},"24":{"start":{"line":54,"column":0},"end":{"line":60,"column":1}}},"fnMap":{"0":{"name":"(anonymous_0)","decl":{"start":{"line":9,"column":15},"end":{"line":9,"column":16}},"loc":{"start":{"line":9,"column":27},"end":{"line":18,"column":1}},"line":9},"1":{"name":"(anonymous_1)","decl":{"start":{"line":21,"column":16},"end":{"line":21,"column":17}},"loc":{"start":{"line":21,"column":34},"end":{"line":27,"column":1}},"line":21},"2":{"name":"(anonymous_2)","decl":{"start":{"line":29,"column":19},"end":{"line":29,"column":20}},"loc":{"start":{"line":29,"column":43},"end":{"line":37,"column":1}},"line":29},"3":{"name":"(anonymous_3)","decl":{"start":{"line":39,"column":20},"end":{"line":39,"column":21}},"loc":{"start":{"line":39,"column":37},"end":{"line":47,"column":1}},"line":39},"4":{"name":"(anonymous_4)","decl":{"start":{"line":49,"column":19},"end":{"line":49,"column":20}},"loc":{"start":{"line":49,"column":36},"end":{"line":52,"column":1}},"line":49}},"branchMap":{"0":{"loc":{"start":{"line":25,"column":2},"end":{"line":26,"column":60}},"type":"if","locations":[{"start":{"line":25,"column":2},"end":{"line":26,"column":60}},{"start":{"line":26,"column":7},"end":{"line":26,"column":60}}],"line":25},"1":{"loc":{"start":{"line":32,"column":2},"end":{"line":36,"column":1}},"type":"if","locations":[{"start":{"line":32,"column":2},"end":{"line":36,"column":1}},{"start":{"line":34,"column":11},"end":{"line":36,"column":1}}],"line":32}},"s":{"0":1,"1":1,"2":1,"3":1,"4":0,"5":0,"6":1,"7":0,"8":0,"9":0,"10":0,"11":1,"12":0,"13":0,"14":0,"15":0,"16":1,"17":0,"18":0,"19":0,"20":0,"21":0,"22":1,"23":0,"24":1},"f":{"0":0,"1":0,"2":0,"3":0,"4":0},"b":{"0":[0,0],"1":[0,0]},"_coverageSchema":"1a1c01bbd47fc00a2c39e90264f33305004495a9","hash":"94a9549114233a1af17d4b06c7bed3bcf85e5383"}
}
